2020-11-12 16:36:27.305 DEBUG [restartedMain]xyz.fusheng.model.ModelApplication.logStarting:56 -Running with Spring Boot v2.2.6.RELEASE, Spring v5.2.5.RELEASE
2020-11-12 16:36:32.750 DEBUG [restartedMain]xyz.fusheng.model.security.filter.IpFilter.init:242 -Filter 'ipFilter' configured for use
2020-11-12 16:37:05.858 DEBUG [http-nio-9999-exec-4]xyz.fusheng.model.core.mapper.LogMapper.save.debug:143 -==>  Preparing: insert into sys_log( log_url, log_params, log_status, log_message, log_method, log_time, log_result, log_ip ) values ( ?, ?, ?, ?, ?, ?, ?, ? ) 
2020-11-12 16:37:05.858 DEBUG [http-nio-9999-exec-2]xyz.fusheng.model.core.mapper.LogMapper.save.debug:143 -==>  Preparing: insert into sys_log( log_url, log_params, log_status, log_message, log_method, log_time, log_result, log_ip ) values ( ?, ?, ?, ?, ?, ?, ?, ? ) 
2020-11-12 16:37:05.972 DEBUG [http-nio-9999-exec-4]xyz.fusheng.model.core.mapper.LogMapper.save.debug:143 -==> Parameters: /login(String), ******(String), 1(Integer), null, GET(String), 2(Long), ******(String), 0:0:0:0:0:0:0:1(String)
2020-11-12 16:37:05.972 DEBUG [http-nio-9999-exec-2]xyz.fusheng.model.core.mapper.LogMapper.save.debug:143 -==> Parameters: /login(String), ******(String), 1(Integer), null, GET(String), 12(Long), ******(String), 0:0:0:0:0:0:0:1(String)
2020-11-12 16:37:06.102 DEBUG [http-nio-9999-exec-4]xyz.fusheng.model.core.mapper.LogMapper.save.debug:143 -<==    Updates: 1
2020-11-12 16:37:06.102 DEBUG [http-nio-9999-exec-2]xyz.fusheng.model.core.mapper.LogMapper.save.debug:143 -<==    Updates: 1
2020-11-12 16:37:06.873 DEBUG [http-nio-9999-exec-6]xyz.fusheng.model.core.mapper.LogMapper.save.debug:143 -==>  Preparing: insert into sys_log( log_url, log_params, log_status, log_message, log_method, log_time, log_result, log_ip ) values ( ?, ?, ?, ?, ?, ?, ?, ? ) 
2020-11-12 16:37:06.876 DEBUG [http-nio-9999-exec-6]xyz.fusheng.model.core.mapper.LogMapper.save.debug:143 -==> Parameters: /login(String), ******(String), 1(Integer), null, GET(String), 5(Long), ******(String), 0:0:0:0:0:0:0:1(String)
2020-11-12 16:37:06.997 DEBUG [http-nio-9999-exec-6]xyz.fusheng.model.core.mapper.LogMapper.save.debug:143 -<==    Updates: 1
2020-11-12 16:37:18.210 DEBUG [http-nio-9999-exec-9]xyz.fusheng.model.core.mapper.LogMapper.save.debug:143 -==>  Preparing: insert into sys_log( log_url, log_params, log_status, log_message, log_method, log_time, log_result, log_ip ) values ( ?, ?, ?, ?, ?, ?, ?, ? ) 
2020-11-12 16:37:18.212 DEBUG [http-nio-9999-exec-9]xyz.fusheng.model.core.mapper.LogMapper.save.debug:143 -==> Parameters: /login(String), ******(String), 1(Integer), null, GET(String), 2(Long), ******(String), 0:0:0:0:0:0:0:1(String)
2020-11-12 16:37:18.336 DEBUG [http-nio-9999-exec-9]xyz.fusheng.model.core.mapper.LogMapper.save.debug:143 -<==    Updates: 1
2020-11-12 16:39:01.894 DEBUG [http-nio-9999-exec-10]xyz.fusheng.model.core.mapper.LogMapper.save.debug:143 -==>  Preparing: insert into sys_log( log_url, log_params, log_status, log_message, log_method, log_time, log_result, log_ip ) values ( ?, ?, ?, ?, ?, ?, ?, ? ) 
2020-11-12 16:39:01.896 DEBUG [http-nio-9999-exec-10]xyz.fusheng.model.core.mapper.LogMapper.save.debug:143 -==> Parameters: /login(String), ******(String), 1(Integer), null, GET(String), 2(Long), ******(String), 0:0:0:0:0:0:0:1(String)
2020-11-12 16:39:02.020 DEBUG [http-nio-9999-exec-10]xyz.fusheng.model.core.mapper.LogMapper.save.debug:143 -<==    Updates: 1
2020-11-12 16:39:02.147 DEBUG [http-nio-9999-exec-4]xyz.fusheng.model.core.mapper.LogMapper.save.debug:143 -==>  Preparing: insert into sys_log( log_url, log_params, log_status, log_message, log_method, log_time, log_result, log_ip ) values ( ?, ?, ?, ?, ?, ?, ?, ? ) 
2020-11-12 16:39:02.148 DEBUG [http-nio-9999-exec-4]xyz.fusheng.model.core.mapper.LogMapper.save.debug:143 -==> Parameters: /login(String), ******(String), 1(Integer), null, GET(String), 2(Long), ******(String), 0:0:0:0:0:0:0:1(String)
2020-11-12 16:39:02.266 DEBUG [http-nio-9999-exec-4]xyz.fusheng.model.core.mapper.LogMapper.save.debug:143 -<==    Updates: 1
2020-11-12 16:39:08.546 DEBUG [http-nio-9999-exec-5]xyz.fusheng.model.core.mapper.LogMapper.save.debug:143 -==>  Preparing: insert into sys_log( log_url, log_params, log_status, log_message, log_method, log_time, log_result, log_ip ) values ( ?, ?, ?, ?, ?, ?, ?, ? ) 
2020-11-12 16:39:08.549 DEBUG [http-nio-9999-exec-5]xyz.fusheng.model.core.mapper.LogMapper.save.debug:143 -==> Parameters: /login(String), ******(String), 1(Integer), null, GET(String), 8(Long), ******(String), 0:0:0:0:0:0:0:1(String)
2020-11-12 16:39:08.669 DEBUG [http-nio-9999-exec-5]xyz.fusheng.model.core.mapper.LogMapper.save.debug:143 -<==    Updates: 1
2020-11-12 16:39:08.791 DEBUG [http-nio-9999-exec-7]xyz.fusheng.model.core.mapper.LogMapper.save.debug:143 -==>  Preparing: insert into sys_log( log_url, log_params, log_status, log_message, log_method, log_time, log_result, log_ip ) values ( ?, ?, ?, ?, ?, ?, ?, ? ) 
2020-11-12 16:39:08.793 DEBUG [http-nio-9999-exec-7]xyz.fusheng.model.core.mapper.LogMapper.save.debug:143 -==> Parameters: /login(String), ******(String), 1(Integer), null, GET(String), 4(Long), ******(String), 0:0:0:0:0:0:0:1(String)
2020-11-12 16:39:08.917 DEBUG [http-nio-9999-exec-7]xyz.fusheng.model.core.mapper.LogMapper.save.debug:143 -<==    Updates: 1
2020-11-12 16:39:48.259 DEBUG [http-nio-9999-exec-8]xyz.fusheng.model.core.mapper.LogMapper.save.debug:143 -==>  Preparing: insert into sys_log( log_url, log_params, log_status, log_message, log_method, log_time, log_result, log_ip ) values ( ?, ?, ?, ?, ?, ?, ?, ? ) 
2020-11-12 16:39:48.260 DEBUG [http-nio-9999-exec-8]xyz.fusheng.model.core.mapper.LogMapper.save.debug:143 -==> Parameters: /login(String), ******(String), 1(Integer), null, GET(String), 2(Long), ******(String), 0:0:0:0:0:0:0:1(String)
2020-11-12 16:39:48.382 DEBUG [http-nio-9999-exec-8]xyz.fusheng.model.core.mapper.LogMapper.save.debug:143 -<==    Updates: 1
2020-11-12 16:39:48.478 DEBUG [http-nio-9999-exec-3]xyz.fusheng.model.core.mapper.LogMapper.save.debug:143 -==>  Preparing: insert into sys_log( log_url, log_params, log_status, log_message, log_method, log_time, log_result, log_ip ) values ( ?, ?, ?, ?, ?, ?, ?, ? ) 
2020-11-12 16:39:48.480 DEBUG [http-nio-9999-exec-3]xyz.fusheng.model.core.mapper.LogMapper.save.debug:143 -==> Parameters: /login(String), ******(String), 1(Integer), null, GET(String), 3(Long), ******(String), 0:0:0:0:0:0:0:1(String)
2020-11-12 16:39:48.597 DEBUG [http-nio-9999-exec-3]xyz.fusheng.model.core.mapper.LogMapper.save.debug:143 -<==    Updates: 1
2020-11-12 16:40:14.202 DEBUG [http-nio-9999-exec-7]xyz.fusheng.model.core.mapper.LogMapper.save.debug:143 -==>  Preparing: insert into sys_log( log_url, log_params, log_status, log_message, log_method, log_time, log_result, log_ip ) values ( ?, ?, ?, ?, ?, ?, ?, ? ) 
2020-11-12 16:40:14.203 DEBUG [http-nio-9999-exec-7]xyz.fusheng.model.core.mapper.LogMapper.save.debug:143 -==> Parameters: /login(String), ******(String), 1(Integer), null, GET(String), 3(Long), ******(String), 0:0:0:0:0:0:0:1(String)
2020-11-12 16:40:14.327 DEBUG [http-nio-9999-exec-7]xyz.fusheng.model.core.mapper.LogMapper.save.debug:143 -<==    Updates: 1
2020-11-12 16:40:14.431 DEBUG [http-nio-9999-exec-8]xyz.fusheng.model.core.mapper.LogMapper.save.debug:143 -==>  Preparing: insert into sys_log( log_url, log_params, log_status, log_message, log_method, log_time, log_result, log_ip ) values ( ?, ?, ?, ?, ?, ?, ?, ? ) 
2020-11-12 16:40:14.433 DEBUG [http-nio-9999-exec-8]xyz.fusheng.model.core.mapper.LogMapper.save.debug:143 -==> Parameters: /login(String), ******(String), 1(Integer), null, GET(String), 2(Long), ******(String), 0:0:0:0:0:0:0:1(String)
2020-11-12 16:40:14.552 DEBUG [http-nio-9999-exec-8]xyz.fusheng.model.core.mapper.LogMapper.save.debug:143 -<==    Updates: 1
2020-11-12 16:40:26.564 DEBUG [http-nio-9999-exec-10]xyz.fusheng.model.core.mapper.LogMapper.save.debug:143 -==>  Preparing: insert into sys_log( log_url, log_params, log_status, log_message, log_method, log_time, log_result, log_ip ) values ( ?, ?, ?, ?, ?, ?, ?, ? ) 
2020-11-12 16:40:26.566 DEBUG [http-nio-9999-exec-10]xyz.fusheng.model.core.mapper.LogMapper.save.debug:143 -==> Parameters: /login(String), ******(String), 1(Integer), null, GET(String), 3(Long), ******(String), 0:0:0:0:0:0:0:1(String)
2020-11-12 16:40:26.687 DEBUG [http-nio-9999-exec-10]xyz.fusheng.model.core.mapper.LogMapper.save.debug:143 -<==    Updates: 1
2020-11-12 16:41:18.590 DEBUG [http-nio-9999-exec-3]xyz.fusheng.model.core.mapper.LogMapper.save.debug:143 -==>  Preparing: insert into sys_log( log_url, log_params, log_status, log_message, log_method, log_time, log_result, log_ip ) values ( ?, ?, ?, ?, ?, ?, ?, ? ) 
2020-11-12 16:41:18.592 DEBUG [http-nio-9999-exec-3]xyz.fusheng.model.core.mapper.LogMapper.save.debug:143 -==> Parameters: /login(String), ******(String), 1(Integer), null, GET(String), 2(Long), ******(String), 0:0:0:0:0:0:0:1(String)
2020-11-12 16:41:18.712 DEBUG [http-nio-9999-exec-3]xyz.fusheng.model.core.mapper.LogMapper.save.debug:143 -<==    Updates: 1
2020-11-12 16:41:26.940 DEBUG [http-nio-9999-exec-1]xyz.fusheng.model.core.mapper.LogMapper.save.debug:143 -==>  Preparing: insert into sys_log( log_url, log_params, log_status, log_message, log_method, log_time, log_result, log_ip ) values ( ?, ?, ?, ?, ?, ?, ?, ? ) 
2020-11-12 16:41:26.942 DEBUG [http-nio-9999-exec-1]xyz.fusheng.model.core.mapper.LogMapper.save.debug:143 -==> Parameters: /login(String), ******(String), 1(Integer), null, GET(String), 2(Long), ******(String), 0:0:0:0:0:0:0:1(String)
2020-11-12 16:41:27.063 DEBUG [http-nio-9999-exec-1]xyz.fusheng.model.core.mapper.LogMapper.save.debug:143 -<==    Updates: 1
2020-11-12 16:43:47.362 DEBUG [http-nio-9999-exec-5]xyz.fusheng.model.core.mapper.LogMapper.save.debug:143 -==>  Preparing: insert into sys_log( log_url, log_params, log_status, log_message, log_method, log_time, log_result, log_ip ) values ( ?, ?, ?, ?, ?, ?, ?, ? ) 
2020-11-12 16:43:47.366 DEBUG [http-nio-9999-exec-5]xyz.fusheng.model.core.mapper.LogMapper.save.debug:143 -==> Parameters: /login(String), ******(String), 1(Integer), null, GET(String), 3(Long), ******(String), 0:0:0:0:0:0:0:1(String)
2020-11-12 16:43:47.491 DEBUG [http-nio-9999-exec-5]xyz.fusheng.model.core.mapper.LogMapper.save.debug:143 -<==    Updates: 1
2020-11-12 16:43:49.196 DEBUG [http-nio-9999-exec-2]xyz.fusheng.model.core.mapper.LogMapper.save.debug:143 -==>  Preparing: insert into sys_log( log_url, log_params, log_status, log_message, log_method, log_time, log_result, log_ip ) values ( ?, ?, ?, ?, ?, ?, ?, ? ) 
2020-11-12 16:43:49.198 DEBUG [http-nio-9999-exec-2]xyz.fusheng.model.core.mapper.LogMapper.save.debug:143 -==> Parameters: /login(String), ******(String), 1(Integer), null, GET(String), 3(Long), ******(String), 0:0:0:0:0:0:0:1(String)
2020-11-12 16:43:49.317 DEBUG [http-nio-9999-exec-2]xyz.fusheng.model.core.mapper.LogMapper.save.debug:143 -<==    Updates: 1
2020-11-12 16:43:49.515 DEBUG [http-nio-9999-exec-6]xyz.fusheng.model.core.mapper.LogMapper.save.debug:143 -==>  Preparing: insert into sys_log( log_url, log_params, log_status, log_message, log_method, log_time, log_result, log_ip ) values ( ?, ?, ?, ?, ?, ?, ?, ? ) 
2020-11-12 16:43:49.516 DEBUG [http-nio-9999-exec-6]xyz.fusheng.model.core.mapper.LogMapper.save.debug:143 -==> Parameters: /login(String), ******(String), 1(Integer), null, GET(String), 1(Long), ******(String), 0:0:0:0:0:0:0:1(String)
2020-11-12 16:43:49.642 DEBUG [http-nio-9999-exec-6]xyz.fusheng.model.core.mapper.LogMapper.save.debug:143 -<==    Updates: 1
2020-11-12 16:43:49.689 DEBUG [http-nio-9999-exec-7]xyz.fusheng.model.core.mapper.LogMapper.save.debug:143 -==>  Preparing: insert into sys_log( log_url, log_params, log_status, log_message, log_method, log_time, log_result, log_ip ) values ( ?, ?, ?, ?, ?, ?, ?, ? ) 
2020-11-12 16:43:49.690 DEBUG [http-nio-9999-exec-7]xyz.fusheng.model.core.mapper.LogMapper.save.debug:143 -==> Parameters: /login(String), ******(String), 1(Integer), null, GET(String), 3(Long), ******(String), 0:0:0:0:0:0:0:1(String)
2020-11-12 16:43:49.812 DEBUG [http-nio-9999-exec-7]xyz.fusheng.model.core.mapper.LogMapper.save.debug:143 -<==    Updates: 1
2020-11-12 16:43:49.860 DEBUG [http-nio-9999-exec-9]xyz.fusheng.model.core.mapper.LogMapper.save.debug:143 -==>  Preparing: insert into sys_log( log_url, log_params, log_status, log_message, log_method, log_time, log_result, log_ip ) values ( ?, ?, ?, ?, ?, ?, ?, ? ) 
2020-11-12 16:43:49.860 DEBUG [http-nio-9999-exec-9]xyz.fusheng.model.core.mapper.LogMapper.save.debug:143 -==> Parameters: /login(String), ******(String), 1(Integer), null, GET(String), 2(Long), ******(String), 0:0:0:0:0:0:0:1(String)
2020-11-12 16:43:49.977 DEBUG [http-nio-9999-exec-9]xyz.fusheng.model.core.mapper.LogMapper.save.debug:143 -<==    Updates: 1
2020-11-12 16:43:50.026 DEBUG [http-nio-9999-exec-8]xyz.fusheng.model.core.mapper.LogMapper.save.debug:143 -==>  Preparing: insert into sys_log( log_url, log_params, log_status, log_message, log_method, log_time, log_result, log_ip ) values ( ?, ?, ?, ?, ?, ?, ?, ? ) 
2020-11-12 16:43:50.027 DEBUG [http-nio-9999-exec-8]xyz.fusheng.model.core.mapper.LogMapper.save.debug:143 -==> Parameters: /login(String), ******(String), 1(Integer), null, GET(String), 2(Long), ******(String), 0:0:0:0:0:0:0:1(String)
2020-11-12 16:43:50.146 DEBUG [http-nio-9999-exec-8]xyz.fusheng.model.core.mapper.LogMapper.save.debug:143 -<==    Updates: 1
2020-11-12 16:44:04.913 DEBUG [http-nio-9999-exec-10]xyz.fusheng.model.core.mapper.LogMapper.save.debug:143 -==>  Preparing: insert into sys_log( log_url, log_params, log_status, log_message, log_method, log_time, log_result, log_ip ) values ( ?, ?, ?, ?, ?, ?, ?, ? ) 
2020-11-12 16:44:04.914 DEBUG [http-nio-9999-exec-10]xyz.fusheng.model.core.mapper.LogMapper.save.debug:143 -==> Parameters: /login(String), ******(String), 1(Integer), null, GET(String), 2(Long), ******(String), 0:0:0:0:0:0:0:1(String)
2020-11-12 16:44:05.031 DEBUG [http-nio-9999-exec-10]xyz.fusheng.model.core.mapper.LogMapper.save.debug:143 -<==    Updates: 1
2020-11-12 16:44:06.726 DEBUG [http-nio-9999-exec-1]xyz.fusheng.model.core.mapper.LogMapper.save.debug:143 -==>  Preparing: insert into sys_log( log_url, log_params, log_status, log_message, log_method, log_time, log_result, log_ip ) values ( ?, ?, ?, ?, ?, ?, ?, ? ) 
2020-11-12 16:44:06.727 DEBUG [http-nio-9999-exec-1]xyz.fusheng.model.core.mapper.LogMapper.save.debug:143 -==> Parameters: /login(String), ******(String), 1(Integer), null, GET(String), 5(Long), ******(String), 0:0:0:0:0:0:0:1(String)
2020-11-12 16:44:06.844 DEBUG [http-nio-9999-exec-1]xyz.fusheng.model.core.mapper.LogMapper.save.debug:143 -<==    Updates: 1
2020-11-12 16:44:06.932 DEBUG [http-nio-9999-exec-5]xyz.fusheng.model.core.mapper.LogMapper.save.debug:143 -==>  Preparing: insert into sys_log( log_url, log_params, log_status, log_message, log_method, log_time, log_result, log_ip ) values ( ?, ?, ?, ?, ?, ?, ?, ? ) 
2020-11-12 16:44:06.933 DEBUG [http-nio-9999-exec-5]xyz.fusheng.model.core.mapper.LogMapper.save.debug:143 -==> Parameters: /login(String), ******(String), 1(Integer), null, GET(String), 1(Long), ******(String), 0:0:0:0:0:0:0:1(String)
2020-11-12 16:44:07.049 DEBUG [http-nio-9999-exec-5]xyz.fusheng.model.core.mapper.LogMapper.save.debug:143 -<==    Updates: 1
2020-11-12 16:44:18.155 DEBUG [http-nio-9999-exec-6]xyz.fusheng.model.core.mapper.LogMapper.save.debug:143 -==>  Preparing: insert into sys_log( log_url, log_params, log_status, log_message, log_method, log_time, log_result, log_ip ) values ( ?, ?, ?, ?, ?, ?, ?, ? ) 
2020-11-12 16:44:18.156 DEBUG [http-nio-9999-exec-6]xyz.fusheng.model.core.mapper.LogMapper.save.debug:143 -==> Parameters: /login(String), ******(String), 1(Integer), null, GET(String), 2(Long), ******(String), 0:0:0:0:0:0:0:1(String)
2020-11-12 16:44:18.274 DEBUG [http-nio-9999-exec-6]xyz.fusheng.model.core.mapper.LogMapper.save.debug:143 -<==    Updates: 1
2020-11-12 16:44:18.375 DEBUG [http-nio-9999-exec-9]xyz.fusheng.model.core.mapper.LogMapper.save.debug:143 -==>  Preparing: insert into sys_log( log_url, log_params, log_status, log_message, log_method, log_time, log_result, log_ip ) values ( ?, ?, ?, ?, ?, ?, ?, ? ) 
2020-11-12 16:44:18.375 DEBUG [http-nio-9999-exec-9]xyz.fusheng.model.core.mapper.LogMapper.save.debug:143 -==> Parameters: /login(String), ******(String), 1(Integer), null, GET(String), 2(Long), ******(String), 0:0:0:0:0:0:0:1(String)
2020-11-12 16:44:18.517 DEBUG [http-nio-9999-exec-9]xyz.fusheng.model.core.mapper.LogMapper.save.debug:143 -<==    Updates: 1
2020-11-12 17:08:06.574 DEBUG [http-nio-9999-exec-1]xyz.fusheng.model.core.mapper.UserMapper.selectOne.debug:143 -==>  Preparing: SELECT user_id,username,password,phone,mail,header,signature,description,realname,sex,address,created_time,update_time,version,is_enabled,is_deleted FROM sys_user WHERE (username = ?) 
2020-11-12 17:08:06.854 DEBUG [http-nio-9999-exec-1]xyz.fusheng.model.core.mapper.UserMapper.selectOne.debug:143 -==> Parameters: code-fusheng(String)
2020-11-12 17:08:07.188 DEBUG [http-nio-9999-exec-1]xyz.fusheng.model.core.mapper.UserMapper.selectOne.debug:143 -<==      Total: 1
2020-11-12 17:08:07.376 DEBUG [http-nio-9999-exec-1]xyz.fusheng.model.core.mapper.LoginLogMapper.insert.debug:143 -==>  Preparing: INSERT INTO sys_login_log ( user_name, ip_address, login_location, browser_type, os_type, login_status, login_type, msg ) VALUES ( ?, ?, ?, ?, ?, ?, ?, ? ) 
2020-11-12 17:08:07.378 DEBUG [http-nio-9999-exec-1]xyz.fusheng.model.core.mapper.LoginLogMapper.insert.debug:143 -==> Parameters: code-fusheng(String), 127.0.0.1(String), 内网IP(String), Unknown(String), Unknown(String), 1(Integer), 0(Integer), 登录失败: 用户名密码不正确！(String)
2020-11-12 17:08:07.547 DEBUG [http-nio-9999-exec-1]xyz.fusheng.model.core.mapper.LoginLogMapper.insert.debug:143 -<==    Updates: 1
2020-11-12 17:08:25.689 DEBUG [http-nio-9999-exec-4]xyz.fusheng.model.core.mapper.UserMapper.selectOne.debug:143 -==>  Preparing: SELECT user_id,username,password,phone,mail,header,signature,description,realname,sex,address,created_time,update_time,version,is_enabled,is_deleted FROM sys_user WHERE (username = ?) 
2020-11-12 17:08:25.690 DEBUG [http-nio-9999-exec-4]xyz.fusheng.model.core.mapper.UserMapper.selectOne.debug:143 -==> Parameters: user(String)
2020-11-12 17:08:25.777 DEBUG [http-nio-9999-exec-4]xyz.fusheng.model.core.mapper.UserMapper.selectOne.debug:143 -<==      Total: 1
2020-11-12 17:08:25.907 DEBUG [http-nio-9999-exec-4]xyz.fusheng.model.core.mapper.LoginLogMapper.insert.debug:143 -==>  Preparing: INSERT INTO sys_login_log ( user_name, ip_address, login_location, browser_type, os_type, login_status, login_type, msg ) VALUES ( ?, ?, ?, ?, ?, ?, ?, ? ) 
2020-11-12 17:08:25.908 DEBUG [http-nio-9999-exec-4]xyz.fusheng.model.core.mapper.LoginLogMapper.insert.debug:143 -==> Parameters: user(String), 127.0.0.1(String), 内网IP(String), Unknown(String), Unknown(String), 1(Integer), 0(Integer), 登录失败: 用户名密码不正确！(String)
2020-11-12 17:08:26.040 DEBUG [http-nio-9999-exec-4]xyz.fusheng.model.core.mapper.LoginLogMapper.insert.debug:143 -<==    Updates: 1
2020-11-12 17:08:39.516 DEBUG [http-nio-9999-exec-5]xyz.fusheng.model.core.mapper.UserMapper.selectOne.debug:143 -==>  Preparing: SELECT user_id,username,password,phone,mail,header,signature,description,realname,sex,address,created_time,update_time,version,is_enabled,is_deleted FROM sys_user WHERE (username = ?) 
2020-11-12 17:08:39.517 DEBUG [http-nio-9999-exec-5]xyz.fusheng.model.core.mapper.UserMapper.selectOne.debug:143 -==> Parameters: user(String)
2020-11-12 17:08:39.589 DEBUG [http-nio-9999-exec-5]xyz.fusheng.model.core.mapper.UserMapper.selectOne.debug:143 -<==      Total: 1
2020-11-12 17:08:39.749 DEBUG [http-nio-9999-exec-5]xyz.fusheng.model.core.mapper.LoginLogMapper.insert.debug:143 -==>  Preparing: INSERT INTO sys_login_log ( user_name, ip_address, login_location, browser_type, os_type, login_status, login_type, msg ) VALUES ( ?, ?, ?, ?, ?, ?, ?, ? ) 
2020-11-12 17:08:39.750 DEBUG [http-nio-9999-exec-5]xyz.fusheng.model.core.mapper.LoginLogMapper.insert.debug:143 -==> Parameters: user(String), 127.0.0.1(String), 内网IP(String), Unknown(String), Unknown(String), 1(Integer), 0(Integer), 登录失败: 用户名密码不正确！(String)
2020-11-12 17:08:39.881 DEBUG [http-nio-9999-exec-5]xyz.fusheng.model.core.mapper.LoginLogMapper.insert.debug:143 -<==    Updates: 1
2020-11-12 17:08:47.138 DEBUG [http-nio-9999-exec-2]xyz.fusheng.model.core.mapper.UserMapper.selectOne.debug:143 -==>  Preparing: SELECT user_id,username,password,phone,mail,header,signature,description,realname,sex,address,created_time,update_time,version,is_enabled,is_deleted FROM sys_user WHERE (username = ?) 
2020-11-12 17:08:47.139 DEBUG [http-nio-9999-exec-2]xyz.fusheng.model.core.mapper.UserMapper.selectOne.debug:143 -==> Parameters: user(String)
2020-11-12 17:08:47.207 DEBUG [http-nio-9999-exec-2]xyz.fusheng.model.core.mapper.UserMapper.selectOne.debug:143 -<==      Total: 1
2020-11-12 17:08:47.326 DEBUG [http-nio-9999-exec-2]x.f.model.core.mapper.UserMapper.selectRoleByUserId.debug:143 -==>  Preparing: select r.* from sys_role r left join sys_user_role ur on ur.role_id = r.role_id where ur.user_id = ? 
2020-11-12 17:08:47.355 DEBUG [http-nio-9999-exec-2]x.f.model.core.mapper.UserMapper.selectRoleByUserId.debug:143 -==> Parameters: 2(Long)
2020-11-12 17:08:47.416 DEBUG [http-nio-9999-exec-2]x.f.model.core.mapper.UserMapper.selectRoleByUserId.debug:143 -<==      Total: 1
2020-11-12 17:08:47.493 DEBUG [http-nio-9999-exec-2]xyz.fusheng.model.core.mapper.LoginLogMapper.insert.debug:143 -==>  Preparing: INSERT INTO sys_login_log ( user_name, ip_address, login_location, browser_type, os_type, login_status, login_type, msg ) VALUES ( ?, ?, ?, ?, ?, ?, ?, ? ) 
2020-11-12 17:08:47.494 DEBUG [http-nio-9999-exec-2]xyz.fusheng.model.core.mapper.LoginLogMapper.insert.debug:143 -==> Parameters: user(String), 127.0.0.1(String), 内网IP(String), Unknown(String), Unknown(String), 0(Integer), 0(Integer), 登录成功！(String)
2020-11-12 17:08:47.624 DEBUG [http-nio-9999-exec-2]xyz.fusheng.model.core.mapper.LoginLogMapper.insert.debug:143 -<==    Updates: 1
2020-11-12 17:09:08.183 DEBUG [http-nio-9999-exec-7]xyz.fusheng.model.core.mapper.LogMapper.save.debug:143 -==>  Preparing: insert into sys_log( log_url, log_params, log_status, log_message, log_method, log_time, log_result, log_ip ) values ( ?, ?, ?, ?, ?, ?, ?, ? ) 
2020-11-12 17:09:08.185 DEBUG [http-nio-9999-exec-7]xyz.fusheng.model.core.mapper.LogMapper.save.debug:143 -==> Parameters: /login(String), ******(String), 1(Integer), null, GET(String), 2(Long), ******(String), 0:0:0:0:0:0:0:1(String)
2020-11-12 17:09:08.327 DEBUG [http-nio-9999-exec-7]xyz.fusheng.model.core.mapper.LogMapper.save.debug:143 -<==    Updates: 1
2020-11-12 17:09:08.427 DEBUG [http-nio-9999-exec-8]xyz.fusheng.model.core.mapper.LogMapper.save.debug:143 -==>  Preparing: insert into sys_log( log_url, log_params, log_status, log_message, log_method, log_time, log_result, log_ip ) values ( ?, ?, ?, ?, ?, ?, ?, ? ) 
2020-11-12 17:09:08.428 DEBUG [http-nio-9999-exec-8]xyz.fusheng.model.core.mapper.LogMapper.save.debug:143 -==> Parameters: /login(String), ******(String), 1(Integer), null, GET(String), 2(Long), ******(String), 0:0:0:0:0:0:0:1(String)
2020-11-12 17:09:08.556 DEBUG [http-nio-9999-exec-8]xyz.fusheng.model.core.mapper.LogMapper.save.debug:143 -<==    Updates: 1
2020-11-12 17:09:09.590 DEBUG [http-nio-9999-exec-3]xyz.fusheng.model.core.mapper.LogMapper.save.debug:143 -==>  Preparing: insert into sys_log( log_url, log_params, log_status, log_message, log_method, log_time, log_result, log_ip ) values ( ?, ?, ?, ?, ?, ?, ?, ? ) 
2020-11-12 17:09:09.591 DEBUG [http-nio-9999-exec-3]xyz.fusheng.model.core.mapper.LogMapper.save.debug:143 -==> Parameters: /login(String), ******(String), 1(Integer), null, GET(String), 2(Long), ******(String), 0:0:0:0:0:0:0:1(String)
2020-11-12 17:09:09.723 DEBUG [http-nio-9999-exec-3]xyz.fusheng.model.core.mapper.LogMapper.save.debug:143 -<==    Updates: 1
2020-11-12 17:09:09.810 DEBUG [http-nio-9999-exec-4]xyz.fusheng.model.core.mapper.LogMapper.save.debug:143 -==>  Preparing: insert into sys_log( log_url, log_params, log_status, log_message, log_method, log_time, log_result, log_ip ) values ( ?, ?, ?, ?, ?, ?, ?, ? ) 
2020-11-12 17:09:09.811 DEBUG [http-nio-9999-exec-4]xyz.fusheng.model.core.mapper.LogMapper.save.debug:143 -==> Parameters: /login(String), ******(String), 1(Integer), null, GET(String), 2(Long), ******(String), 0:0:0:0:0:0:0:1(String)
2020-11-12 17:09:09.993 DEBUG [http-nio-9999-exec-4]xyz.fusheng.model.core.mapper.LogMapper.save.debug:143 -<==    Updates: 1
2020-11-12 17:09:18.086 DEBUG [http-nio-9999-exec-2]xyz.fusheng.model.core.mapper.LogMapper.save.debug:143 -==>  Preparing: insert into sys_log( log_url, log_params, log_status, log_message, log_method, log_time, log_result, log_ip ) values ( ?, ?, ?, ?, ?, ?, ?, ? ) 
2020-11-12 17:09:18.086 DEBUG [http-nio-9999-exec-2]xyz.fusheng.model.core.mapper.LogMapper.save.debug:143 -==> Parameters: /login(String), ******(String), 1(Integer), null, GET(String), 1(Long), ******(String), 0:0:0:0:0:0:0:1(String)
2020-11-12 17:09:18.214 DEBUG [http-nio-9999-exec-2]xyz.fusheng.model.core.mapper.LogMapper.save.debug:143 -<==    Updates: 1
2020-11-12 17:09:18.306 DEBUG [http-nio-9999-exec-7]xyz.fusheng.model.core.mapper.LogMapper.save.debug:143 -==>  Preparing: insert into sys_log( log_url, log_params, log_status, log_message, log_method, log_time, log_result, log_ip ) values ( ?, ?, ?, ?, ?, ?, ?, ? ) 
2020-11-12 17:09:18.306 DEBUG [http-nio-9999-exec-7]xyz.fusheng.model.core.mapper.LogMapper.save.debug:143 -==> Parameters: /login(String), ******(String), 1(Integer), null, GET(String), 2(Long), ******(String), 0:0:0:0:0:0:0:1(String)
2020-11-12 17:09:18.424 DEBUG [http-nio-9999-exec-7]xyz.fusheng.model.core.mapper.LogMapper.save.debug:143 -<==    Updates: 1
2020-11-12 17:09:55.182 DEBUG [http-nio-9999-exec-10]xyz.fusheng.model.core.mapper.LogMapper.save.debug:143 -==>  Preparing: insert into sys_log( log_url, log_params, log_status, log_message, log_method, log_time, log_result, log_ip ) values ( ?, ?, ?, ?, ?, ?, ?, ? ) 
2020-11-12 17:09:55.183 DEBUG [http-nio-9999-exec-10]xyz.fusheng.model.core.mapper.LogMapper.save.debug:143 -==> Parameters: /login(String), ******(String), 1(Integer), null, GET(String), 3(Long), ******(String), 0:0:0:0:0:0:0:1(String)
2020-11-12 17:09:55.309 DEBUG [http-nio-9999-exec-10]xyz.fusheng.model.core.mapper.LogMapper.save.debug:143 -<==    Updates: 1
2020-11-12 17:09:55.406 DEBUG [http-nio-9999-exec-1]xyz.fusheng.model.core.mapper.LogMapper.save.debug:143 -==>  Preparing: insert into sys_log( log_url, log_params, log_status, log_message, log_method, log_time, log_result, log_ip ) values ( ?, ?, ?, ?, ?, ?, ?, ? ) 
2020-11-12 17:09:55.406 DEBUG [http-nio-9999-exec-1]xyz.fusheng.model.core.mapper.LogMapper.save.debug:143 -==> Parameters: /login(String), ******(String), 1(Integer), null, GET(String), 2(Long), ******(String), 0:0:0:0:0:0:0:1(String)
2020-11-12 17:09:55.532 DEBUG [http-nio-9999-exec-1]xyz.fusheng.model.core.mapper.LogMapper.save.debug:143 -<==    Updates: 1
2020-11-12 17:09:56.817 DEBUG [http-nio-9999-exec-4]xyz.fusheng.model.core.mapper.ArticleMapper.getByPage.debug:143 -==>  Preparing: select a.article_id, a.article_title, a.article_image, a.article_desc, a.edit_model, a.article_category, a.good_count, a.read_count, a.collection_count, a.comment_count, a.article_source, a.created_time, a.update_time, a.is_enabled, c.category_name, u.username as authorName, u.header from m_article as a left join m_category as c on c.category_id = a.article_category left join sys_user as u on a.author_id = u.user_id where a.is_deleted = 0 and c.is_deleted = 0 limit ?, ? 
2020-11-12 17:09:56.821 DEBUG [http-nio-9999-exec-4]xyz.fusheng.model.core.mapper.ArticleMapper.getByPage.debug:143 -==> Parameters: 0(Integer), 0(Integer)
2020-11-12 17:09:56.892 DEBUG [http-nio-9999-exec-4]xyz.fusheng.model.core.mapper.ArticleMapper.getByPage.debug:143 -<==      Total: 0
2020-11-12 17:09:56.894 DEBUG [http-nio-9999-exec-4]x.fusheng.model.core.mapper.ArticleMapper.getCountByPage.debug:143 -==>  Preparing: select count(*) from m_article as a left join m_category as c on c.category_id = a.article_category left join sys_user as u on a.article_id = u.user_id where a.is_deleted = 0 and c.is_deleted = 0 
2020-11-12 17:09:56.896 DEBUG [http-nio-9999-exec-4]x.fusheng.model.core.mapper.ArticleMapper.getCountByPage.debug:143 -==> Parameters: 
2020-11-12 17:09:56.960 DEBUG [http-nio-9999-exec-4]x.fusheng.model.core.mapper.ArticleMapper.getCountByPage.debug:143 -<==      Total: 1
2020-11-12 17:09:56.969 DEBUG [http-nio-9999-exec-4]xyz.fusheng.model.core.mapper.LogMapper.save.debug:143 -==>  Preparing: insert into sys_log( log_url, log_params, log_status, log_message, log_method, log_time, log_result, log_ip ) values ( ?, ?, ?, ?, ?, ?, ?, ? ) 
2020-11-12 17:09:56.970 DEBUG [http-nio-9999-exec-4]xyz.fusheng.model.core.mapper.LogMapper.save.debug:143 -==> Parameters: /article/getByPage(String), ******(String), 1(Integer), null, POST(String), 157(Long), ******(String), 0:0:0:0:0:0:0:1(String)
2020-11-12 17:09:57.097 DEBUG [http-nio-9999-exec-4]xyz.fusheng.model.core.mapper.LogMapper.save.debug:143 -<==    Updates: 1
2020-11-12 17:10:13.010 DEBUG [http-nio-9999-exec-2]xyz.fusheng.model.core.mapper.LogMapper.save.debug:143 -==>  Preparing: insert into sys_log( log_url, log_params, log_status, log_message, log_method, log_time, log_result, log_ip ) values ( ?, ?, ?, ?, ?, ?, ?, ? ) 
2020-11-12 17:10:13.011 DEBUG [http-nio-9999-exec-2]xyz.fusheng.model.core.mapper.LogMapper.save.debug:143 -==> Parameters: /login(String), ******(String), 1(Integer), null, GET(String), 2(Long), ******(String), 0:0:0:0:0:0:0:1(String)
2020-11-12 17:10:13.134 DEBUG [http-nio-9999-exec-2]xyz.fusheng.model.core.mapper.LogMapper.save.debug:143 -<==    Updates: 1
2020-11-12 17:10:13.255 DEBUG [http-nio-9999-exec-7]xyz.fusheng.model.core.mapper.LogMapper.save.debug:143 -==>  Preparing: insert into sys_log( log_url, log_params, log_status, log_message, log_method, log_time, log_result, log_ip ) values ( ?, ?, ?, ?, ?, ?, ?, ? ) 
2020-11-12 17:10:13.255 DEBUG [http-nio-9999-exec-7]xyz.fusheng.model.core.mapper.LogMapper.save.debug:143 -==> Parameters: /login(String), ******(String), 1(Integer), null, GET(String), 2(Long), ******(String), 0:0:0:0:0:0:0:1(String)
2020-11-12 17:10:13.380 DEBUG [http-nio-9999-exec-7]xyz.fusheng.model.core.mapper.LogMapper.save.debug:143 -<==    Updates: 1
2020-11-12 17:10:26.946 DEBUG [http-nio-9999-exec-8]xyz.fusheng.model.core.mapper.LogMapper.save.debug:143 -==>  Preparing: insert into sys_log( log_url, log_params, log_status, log_message, log_method, log_time, log_result, log_ip ) values ( ?, ?, ?, ?, ?, ?, ?, ? ) 
2020-11-12 17:10:26.946 DEBUG [http-nio-9999-exec-8]xyz.fusheng.model.core.mapper.LogMapper.save.debug:143 -==> Parameters: /login(String), ******(String), 1(Integer), null, GET(String), 1(Long), ******(String), 0:0:0:0:0:0:0:1(String)
2020-11-12 17:10:27.077 DEBUG [http-nio-9999-exec-8]xyz.fusheng.model.core.mapper.LogMapper.save.debug:143 -<==    Updates: 1
2020-11-12 17:10:27.172 DEBUG [http-nio-9999-exec-3]xyz.fusheng.model.core.mapper.LogMapper.save.debug:143 -==>  Preparing: insert into sys_log( log_url, log_params, log_status, log_message, log_method, log_time, log_result, log_ip ) values ( ?, ?, ?, ?, ?, ?, ?, ? ) 
2020-11-12 17:10:27.172 DEBUG [http-nio-9999-exec-3]xyz.fusheng.model.core.mapper.LogMapper.save.debug:143 -==> Parameters: /login(String), ******(String), 1(Integer), null, GET(String), 3(Long), ******(String), 0:0:0:0:0:0:0:1(String)
2020-11-12 17:10:27.293 DEBUG [http-nio-9999-exec-3]xyz.fusheng.model.core.mapper.LogMapper.save.debug:143 -<==    Updates: 1
2020-11-12 17:10:30.607 DEBUG [http-nio-9999-exec-1]xyz.fusheng.model.core.mapper.UserMapper.getUserInfoById.debug:143 -==>  Preparing: select su.*, sur.role_id, sr.role_name from sys_user su join sys_user_role sur on su.user_id = sur.user_id join sys_role sr on sur.role_id = sr.role_id where su.user_id = ? 
2020-11-12 17:10:30.608 DEBUG [http-nio-9999-exec-1]xyz.fusheng.model.core.mapper.UserMapper.getUserInfoById.debug:143 -==> Parameters: 2(Long)
2020-11-12 17:10:30.668 DEBUG [http-nio-9999-exec-1]xyz.fusheng.model.core.mapper.UserMapper.getUserInfoById.debug:143 -<==      Total: 1
2020-11-12 17:10:30.676 DEBUG [http-nio-9999-exec-1]xyz.fusheng.model.core.mapper.LogMapper.save.debug:143 -==>  Preparing: insert into sys_log( log_url, log_params, log_status, log_message, log_method, log_time, log_result, log_ip ) values ( ?, ?, ?, ?, ?, ?, ?, ? ) 
2020-11-12 17:10:30.677 DEBUG [http-nio-9999-exec-1]xyz.fusheng.model.core.mapper.LogMapper.save.debug:143 -==> Parameters: /admin/info(String), ******(String), 1(Integer), null, GET(String), 70(Long), ******(String), 0:0:0:0:0:0:0:1(String)
2020-11-12 17:10:30.792 DEBUG [http-nio-9999-exec-1]xyz.fusheng.model.core.mapper.LogMapper.save.debug:143 -<==    Updates: 1
2020-11-12 17:10:34.376 DEBUG [http-nio-9999-exec-5]xyz.fusheng.model.core.mapper.LogMapper.save.debug:143 -==>  Preparing: insert into sys_log( log_url, log_params, log_status, log_message, log_method, log_time, log_result, log_ip ) values ( ?, ?, ?, ?, ?, ?, ?, ? ) 
2020-11-12 17:10:34.377 DEBUG [http-nio-9999-exec-5]xyz.fusheng.model.core.mapper.LogMapper.save.debug:143 -==> Parameters: /login(String), ******(String), 1(Integer), null, GET(String), 3(Long), ******(String), 0:0:0:0:0:0:0:1(String)
2020-11-12 17:10:34.503 DEBUG [http-nio-9999-exec-5]xyz.fusheng.model.core.mapper.LogMapper.save.debug:143 -<==    Updates: 1
2020-11-12 17:10:34.601 DEBUG [http-nio-9999-exec-6]xyz.fusheng.model.core.mapper.LogMapper.save.debug:143 -==>  Preparing: insert into sys_log( log_url, log_params, log_status, log_message, log_method, log_time, log_result, log_ip ) values ( ?, ?, ?, ?, ?, ?, ?, ? ) 
2020-11-12 17:10:34.602 DEBUG [http-nio-9999-exec-6]xyz.fusheng.model.core.mapper.LogMapper.save.debug:143 -==> Parameters: /login(String), ******(String), 1(Integer), null, GET(String), 2(Long), ******(String), 0:0:0:0:0:0:0:1(String)
2020-11-12 17:10:34.736 DEBUG [http-nio-9999-exec-6]xyz.fusheng.model.core.mapper.LogMapper.save.debug:143 -<==    Updates: 1
2020-11-12 17:10:40.887 DEBUG [http-nio-9999-exec-8]xyz.fusheng.model.core.mapper.LogMapper.save.debug:143 -==>  Preparing: insert into sys_log( log_url, log_params, log_status, log_message, log_method, log_time, log_result, log_ip ) values ( ?, ?, ?, ?, ?, ?, ?, ? ) 
2020-11-12 17:10:40.889 DEBUG [http-nio-9999-exec-8]xyz.fusheng.model.core.mapper.LogMapper.save.debug:143 -==> Parameters: /login(String), ******(String), 1(Integer), null, GET(String), 2(Long), ******(String), 0:0:0:0:0:0:0:1(String)
2020-11-12 17:10:41.012 DEBUG [http-nio-9999-exec-8]xyz.fusheng.model.core.mapper.LogMapper.save.debug:143 -<==    Updates: 1
2020-11-12 17:10:41.105 DEBUG [http-nio-9999-exec-3]xyz.fusheng.model.core.mapper.LogMapper.save.debug:143 -==>  Preparing: insert into sys_log( log_url, log_params, log_status, log_message, log_method, log_time, log_result, log_ip ) values ( ?, ?, ?, ?, ?, ?, ?, ? ) 
2020-11-12 17:10:41.106 DEBUG [http-nio-9999-exec-3]xyz.fusheng.model.core.mapper.LogMapper.save.debug:143 -==> Parameters: /login(String), ******(String), 1(Integer), null, GET(String), 2(Long), ******(String), 0:0:0:0:0:0:0:1(String)
2020-11-12 17:10:41.233 DEBUG [http-nio-9999-exec-3]xyz.fusheng.model.core.mapper.LogMapper.save.debug:143 -<==    Updates: 1
2020-11-12 17:10:53.523 DEBUG [http-nio-9999-exec-5]xyz.fusheng.model.core.mapper.LogMapper.save.debug:143 -==>  Preparing: insert into sys_log( log_url, log_params, log_status, log_message, log_method, log_time, log_result, log_ip ) values ( ?, ?, ?, ?, ?, ?, ?, ? ) 
2020-11-12 17:10:53.523 DEBUG [http-nio-9999-exec-5]xyz.fusheng.model.core.mapper.LogMapper.save.debug:143 -==> Parameters: /login(String), ******(String), 1(Integer), null, GET(String), 2(Long), ******(String), 0:0:0:0:0:0:0:1(String)
2020-11-12 17:10:53.653 DEBUG [http-nio-9999-exec-5]xyz.fusheng.model.core.mapper.LogMapper.save.debug:143 -<==    Updates: 1
2020-11-12 17:10:53.759 DEBUG [http-nio-9999-exec-6]xyz.fusheng.model.core.mapper.LogMapper.save.debug:143 -==>  Preparing: insert into sys_log( log_url, log_params, log_status, log_message, log_method, log_time, log_result, log_ip ) values ( ?, ?, ?, ?, ?, ?, ?, ? ) 
2020-11-12 17:10:53.761 DEBUG [http-nio-9999-exec-6]xyz.fusheng.model.core.mapper.LogMapper.save.debug:143 -==> Parameters: /login(String), ******(String), 1(Integer), null, GET(String), 2(Long), ******(String), 0:0:0:0:0:0:0:1(String)
2020-11-12 17:10:53.881 DEBUG [http-nio-9999-exec-6]xyz.fusheng.model.core.mapper.LogMapper.save.debug:143 -<==    Updates: 1
2020-11-12 17:10:56.094 DEBUG [http-nio-9999-exec-7]x.f.model.core.mapper.UserMapper.selectMenuByUserId.debug:143 -==>  Preparing: select distinct m.* from sys_user_role ur left join sys_role_menu rm on ur.role_id = rm.role_id left join sys_menu m on rm.menu_id = m.menu_id where ur.user_id = ? 
2020-11-12 17:10:56.097 DEBUG [http-nio-9999-exec-7]x.f.model.core.mapper.UserMapper.selectMenuByUserId.debug:143 -==> Parameters: 2(Long)
2020-11-12 17:10:56.179 DEBUG [http-nio-9999-exec-7]x.f.model.core.mapper.UserMapper.selectMenuByUserId.debug:143 -<==      Total: 39
2020-11-12 17:10:56.190 DEBUG [http-nio-9999-exec-7]xyz.fusheng.model.core.mapper.ModelMapper.getByPage.debug:143 -==>  Preparing: select model_id, model_name, created_time, update_time, is_enabled from sys_model where is_deleted = 0 limit ?, ? 
2020-11-12 17:10:56.192 DEBUG [http-nio-9999-exec-7]xyz.fusheng.model.core.mapper.ModelMapper.getByPage.debug:143 -==> Parameters: 0(Integer), 0(Integer)
2020-11-12 17:10:56.253 DEBUG [http-nio-9999-exec-7]xyz.fusheng.model.core.mapper.ModelMapper.getByPage.debug:143 -<==      Total: 0
2020-11-12 17:10:56.255 DEBUG [http-nio-9999-exec-7]xyz.fusheng.model.core.mapper.ModelMapper.getCountByPage.debug:143 -==>  Preparing: select count(*) from sys_model where is_deleted = 0 
2020-11-12 17:10:56.256 DEBUG [http-nio-9999-exec-7]xyz.fusheng.model.core.mapper.ModelMapper.getCountByPage.debug:143 -==> Parameters: 
2020-11-12 17:10:56.312 DEBUG [http-nio-9999-exec-7]xyz.fusheng.model.core.mapper.ModelMapper.getCountByPage.debug:143 -<==      Total: 1
2020-11-12 17:10:56.315 DEBUG [http-nio-9999-exec-7]xyz.fusheng.model.core.mapper.LogMapper.save.debug:143 -==>  Preparing: insert into sys_log( log_url, log_params, log_status, log_message, log_method, log_time, log_result, log_ip ) values ( ?, ?, ?, ?, ?, ?, ?, ? ) 
2020-11-12 17:10:56.315 DEBUG [http-nio-9999-exec-7]xyz.fusheng.model.core.mapper.LogMapper.save.debug:143 -==> Parameters: /model/getByPage(String), ******(String), 1(Integer), null, POST(String), 132(Long), ******(String), 0:0:0:0:0:0:0:1(String)
2020-11-12 17:10:56.430 DEBUG [http-nio-9999-exec-7]xyz.fusheng.model.core.mapper.LogMapper.save.debug:143 -<==    Updates: 1
2020-11-12 17:11:10.690 DEBUG [http-nio-9999-exec-9]x.f.model.core.mapper.UserMapper.selectMenuByUserId.debug:143 -==>  Preparing: select distinct m.* from sys_user_role ur left join sys_role_menu rm on ur.role_id = rm.role_id left join sys_menu m on rm.menu_id = m.menu_id where ur.user_id = ? 
2020-11-12 17:11:10.691 DEBUG [http-nio-9999-exec-9]x.f.model.core.mapper.UserMapper.selectMenuByUserId.debug:143 -==> Parameters: 2(Long)
2020-11-12 17:11:10.766 DEBUG [http-nio-9999-exec-9]x.f.model.core.mapper.UserMapper.selectMenuByUserId.debug:143 -<==      Total: 39
2020-11-12 17:11:10.770 DEBUG [http-nio-9999-exec-9]xyz.fusheng.model.core.mapper.ModelMapper.getByPage.debug:143 -==>  Preparing: select model_id, model_name, created_time, update_time, is_enabled from sys_model where is_deleted = 0 limit ?, ? 
2020-11-12 17:11:10.772 DEBUG [http-nio-9999-exec-9]xyz.fusheng.model.core.mapper.ModelMapper.getByPage.debug:143 -==> Parameters: -10(Integer), 10(Integer)
2020-11-12 17:11:11.017 DEBUG [http-nio-9999-exec-9]xyz.fusheng.model.core.mapper.LogMapper.save.debug:143 -==>  Preparing: insert into sys_log( log_url, log_params, log_status, log_message, log_method, log_time, log_result, log_ip ) values ( ?, ?, ?, ?, ?, ?, ?, ? ) 
2020-11-12 17:11:11.018 DEBUG [http-nio-9999-exec-9]xyz.fusheng.model.core.mapper.LogMapper.save.debug:143 -==> Parameters: /model/getByPage(String), ******(String), 0(Integer), ******(String), POST(String), 0(Long), ******(String), 0:0:0:0:0:0:0:1(String)
2020-11-12 17:11:11.154 DEBUG [http-nio-9999-exec-9]xyz.fusheng.model.core.mapper.LogMapper.save.debug:143 -<==    Updates: 1
2020-11-12 17:12:10.531 DEBUG [http-nio-9999-exec-10]xyz.fusheng.model.core.mapper.LogMapper.save.debug:143 -==>  Preparing: insert into sys_log( log_url, log_params, log_status, log_message, log_method, log_time, log_result, log_ip ) values ( ?, ?, ?, ?, ?, ?, ?, ? ) 
2020-11-12 17:12:10.532 DEBUG [http-nio-9999-exec-10]xyz.fusheng.model.core.mapper.LogMapper.save.debug:143 -==> Parameters: /login(String), ******(String), 1(Integer), null, GET(String), 1(Long), ******(String), 0:0:0:0:0:0:0:1(String)
2020-11-12 17:12:10.652 DEBUG [http-nio-9999-exec-10]xyz.fusheng.model.core.mapper.LogMapper.save.debug:143 -<==    Updates: 1
2020-11-12 17:12:10.745 DEBUG [http-nio-9999-exec-1]xyz.fusheng.model.core.mapper.LogMapper.save.debug:143 -==>  Preparing: insert into sys_log( log_url, log_params, log_status, log_message, log_method, log_time, log_result, log_ip ) values ( ?, ?, ?, ?, ?, ?, ?, ? ) 
2020-11-12 17:12:10.746 DEBUG [http-nio-9999-exec-1]xyz.fusheng.model.core.mapper.LogMapper.save.debug:143 -==> Parameters: /login(String), ******(String), 1(Integer), null, GET(String), 2(Long), ******(String), 0:0:0:0:0:0:0:1(String)
2020-11-12 17:12:10.875 DEBUG [http-nio-9999-exec-1]xyz.fusheng.model.core.mapper.LogMapper.save.debug:143 -<==    Updates: 1
2020-11-12 17:12:18.789 DEBUG [http-nio-9999-exec-5]xyz.fusheng.model.core.mapper.LogMapper.save.debug:143 -==>  Preparing: insert into sys_log( log_url, log_params, log_status, log_message, log_method, log_time, log_result, log_ip ) values ( ?, ?, ?, ?, ?, ?, ?, ? ) 
2020-11-12 17:12:18.790 DEBUG [http-nio-9999-exec-5]xyz.fusheng.model.core.mapper.LogMapper.save.debug:143 -==> Parameters: /login(String), ******(String), 1(Integer), null, GET(String), 3(Long), ******(String), 0:0:0:0:0:0:0:1(String)
2020-11-12 17:12:18.908 DEBUG [http-nio-9999-exec-5]xyz.fusheng.model.core.mapper.LogMapper.save.debug:143 -<==    Updates: 1
2020-11-12 17:12:19.000 DEBUG [http-nio-9999-exec-6]xyz.fusheng.model.core.mapper.LogMapper.save.debug:143 -==>  Preparing: insert into sys_log( log_url, log_params, log_status, log_message, log_method, log_time, log_result, log_ip ) values ( ?, ?, ?, ?, ?, ?, ?, ? ) 
2020-11-12 17:12:19.000 DEBUG [http-nio-9999-exec-6]xyz.fusheng.model.core.mapper.LogMapper.save.debug:143 -==> Parameters: /login(String), ******(String), 1(Integer), null, GET(String), 2(Long), ******(String), 0:0:0:0:0:0:0:1(String)
2020-11-12 17:12:19.124 DEBUG [http-nio-9999-exec-6]xyz.fusheng.model.core.mapper.LogMapper.save.debug:143 -<==    Updates: 1
2020-11-12 17:12:22.141 DEBUG [http-nio-9999-exec-7]xyz.fusheng.model.core.mapper.MessageMapper.selectList.debug:143 -==>  Preparing: SELECT message_id,message_target_id,message_target_desc,send_user_id,receive_user_id,message_type,message_state,created_time,update_time FROM m_message 
2020-11-12 17:12:22.142 DEBUG [http-nio-9999-exec-7]xyz.fusheng.model.core.mapper.MessageMapper.selectList.debug:143 -==> Parameters: 
2020-11-12 17:12:22.248 DEBUG [http-nio-9999-exec-7]xyz.fusheng.model.core.mapper.MessageMapper.selectList.debug:143 -<==      Total: 78
2020-11-12 17:12:22.258 DEBUG [http-nio-9999-exec-7]xyz.fusheng.model.core.mapper.LogMapper.save.debug:143 -==>  Preparing: insert into sys_log( log_url, log_params, log_status, log_message, log_method, log_time, log_result, log_ip ) values ( ?, ?, ?, ?, ?, ?, ?, ? ) 
2020-11-12 17:12:22.259 DEBUG [http-nio-9999-exec-7]xyz.fusheng.model.core.mapper.LogMapper.save.debug:143 -==> Parameters: /message/getAll(String), ******(String), 1(Integer), null, GET(String), 113(Long), ******(String), 0:0:0:0:0:0:0:1(String)
2020-11-12 17:12:22.379 DEBUG [http-nio-9999-exec-7]xyz.fusheng.model.core.mapper.LogMapper.save.debug:143 -<==    Updates: 1
2020-11-12 17:12:56.348 DEBUG [http-nio-9999-exec-8]xyz.fusheng.model.core.mapper.LogMapper.save.debug:143 -==>  Preparing: insert into sys_log( log_url, log_params, log_status, log_message, log_method, log_time, log_result, log_ip ) values ( ?, ?, ?, ?, ?, ?, ?, ? ) 
2020-11-12 17:12:56.349 DEBUG [http-nio-9999-exec-8]xyz.fusheng.model.core.mapper.LogMapper.save.debug:143 -==> Parameters: /login(String), ******(String), 1(Integer), null, GET(String), 1(Long), ******(String), 0:0:0:0:0:0:0:1(String)
2020-11-12 17:12:56.471 DEBUG [http-nio-9999-exec-8]xyz.fusheng.model.core.mapper.LogMapper.save.debug:143 -<==    Updates: 1
2020-11-12 17:12:56.569 DEBUG [http-nio-9999-exec-3]xyz.fusheng.model.core.mapper.LogMapper.save.debug:143 -==>  Preparing: insert into sys_log( log_url, log_params, log_status, log_message, log_method, log_time, log_result, log_ip ) values ( ?, ?, ?, ?, ?, ?, ?, ? ) 
2020-11-12 17:12:56.570 DEBUG [http-nio-9999-exec-3]xyz.fusheng.model.core.mapper.LogMapper.save.debug:143 -==> Parameters: /login(String), ******(String), 1(Integer), null, GET(String), 1(Long), ******(String), 0:0:0:0:0:0:0:1(String)
2020-11-12 17:12:56.689 DEBUG [http-nio-9999-exec-3]xyz.fusheng.model.core.mapper.LogMapper.save.debug:143 -<==    Updates: 1
2020-11-12 17:13:10.549 DEBUG [http-nio-9999-exec-5]xyz.fusheng.model.core.mapper.LogMapper.save.debug:143 -==>  Preparing: insert into sys_log( log_url, log_params, log_status, log_message, log_method, log_time, log_result, log_ip ) values ( ?, ?, ?, ?, ?, ?, ?, ? ) 
2020-11-12 17:13:10.550 DEBUG [http-nio-9999-exec-5]xyz.fusheng.model.core.mapper.LogMapper.save.debug:143 -==> Parameters: /login(String), ******(String), 1(Integer), null, GET(String), 3(Long), ******(String), 0:0:0:0:0:0:0:1(String)
2020-11-12 17:13:10.671 DEBUG [http-nio-9999-exec-5]xyz.fusheng.model.core.mapper.LogMapper.save.debug:143 -<==    Updates: 1
2020-11-12 17:13:10.771 DEBUG [http-nio-9999-exec-6]xyz.fusheng.model.core.mapper.LogMapper.save.debug:143 -==>  Preparing: insert into sys_log( log_url, log_params, log_status, log_message, log_method, log_time, log_result, log_ip ) values ( ?, ?, ?, ?, ?, ?, ?, ? ) 
2020-11-12 17:13:10.772 DEBUG [http-nio-9999-exec-6]xyz.fusheng.model.core.mapper.LogMapper.save.debug:143 -==> Parameters: /login(String), ******(String), 1(Integer), null, GET(String), 2(Long), ******(String), 0:0:0:0:0:0:0:1(String)
2020-11-12 17:13:10.895 DEBUG [http-nio-9999-exec-6]xyz.fusheng.model.core.mapper.LogMapper.save.debug:143 -<==    Updates: 1
2020-11-12 17:13:19.316 DEBUG [http-nio-9999-exec-9]xyz.fusheng.model.core.mapper.LogMapper.save.debug:143 -==>  Preparing: insert into sys_log( log_url, log_params, log_status, log_message, log_method, log_time, log_result, log_ip ) values ( ?, ?, ?, ?, ?, ?, ?, ? ) 
2020-11-12 17:13:19.317 DEBUG [http-nio-9999-exec-9]xyz.fusheng.model.core.mapper.LogMapper.save.debug:143 -==> Parameters: /login(String), ******(String), 1(Integer), ******(String), GET(String), 2(Long), ******(String), 0:0:0:0:0:0:0:1(String)
2020-11-12 17:13:19.434 DEBUG [http-nio-9999-exec-9]xyz.fusheng.model.core.mapper.LogMapper.save.debug:143 -<==    Updates: 1
2020-11-12 17:13:19.526 DEBUG [http-nio-9999-exec-10]xyz.fusheng.model.core.mapper.LogMapper.save.debug:143 -==>  Preparing: insert into sys_log( log_url, log_params, log_status, log_message, log_method, log_time, log_result, log_ip ) values ( ?, ?, ?, ?, ?, ?, ?, ? ) 
2020-11-12 17:13:19.527 DEBUG [http-nio-9999-exec-10]xyz.fusheng.model.core.mapper.LogMapper.save.debug:143 -==> Parameters: /login(String), ******(String), 1(Integer), null, GET(String), 2(Long), ******(String), 0:0:0:0:0:0:0:1(String)
2020-11-12 17:13:19.650 DEBUG [http-nio-9999-exec-10]xyz.fusheng.model.core.mapper.LogMapper.save.debug:143 -<==    Updates: 1
2020-11-12 17:14:40.943 DEBUG [http-nio-9999-exec-10]xyz.fusheng.model.core.mapper.LogMapper.save.debug:143 -==>  Preparing: insert into sys_log( log_url, log_params, log_status, log_message, log_method, log_time, log_result, log_ip ) values ( ?, ?, ?, ?, ?, ?, ?, ? ) 
2020-11-12 17:14:40.944 DEBUG [http-nio-9999-exec-10]xyz.fusheng.model.core.mapper.LogMapper.save.debug:143 -==> Parameters: /login(String), ******(String), 1(Integer), null, GET(String), 2(Long), ******(String), 0:0:0:0:0:0:0:1(String)
2020-11-12 17:14:41.063 DEBUG [http-nio-9999-exec-10]xyz.fusheng.model.core.mapper.LogMapper.save.debug:143 -<==    Updates: 1
2020-11-12 17:14:41.775 DEBUG [http-nio-9999-exec-4]xyz.fusheng.model.core.mapper.LogMapper.save.debug:143 -==>  Preparing: insert into sys_log( log_url, log_params, log_status, log_message, log_method, log_time, log_result, log_ip ) values ( ?, ?, ?, ?, ?, ?, ?, ? ) 
2020-11-12 17:14:41.776 DEBUG [http-nio-9999-exec-4]xyz.fusheng.model.core.mapper.LogMapper.save.debug:143 -==> Parameters: /login(String), ******(String), 1(Integer), null, GET(String), 2(Long), ******(String), 0:0:0:0:0:0:0:1(String)
2020-11-12 17:14:41.903 DEBUG [http-nio-9999-exec-4]xyz.fusheng.model.core.mapper.LogMapper.save.debug:143 -<==    Updates: 1
2020-11-12 17:14:46.452 DEBUG [http-nio-9999-exec-2]xyz.fusheng.model.core.mapper.LogMapper.save.debug:143 -==>  Preparing: insert into sys_log( log_url, log_params, log_status, log_message, log_method, log_time, log_result, log_ip ) values ( ?, ?, ?, ?, ?, ?, ?, ? ) 
2020-11-12 17:14:46.453 DEBUG [http-nio-9999-exec-2]xyz.fusheng.model.core.mapper.LogMapper.save.debug:143 -==> Parameters: /login(String), ******(String), 1(Integer), null, GET(String), 2(Long), ******(String), 0:0:0:0:0:0:0:1(String)
2020-11-12 17:14:46.570 DEBUG [http-nio-9999-exec-2]xyz.fusheng.model.core.mapper.LogMapper.save.debug:143 -<==    Updates: 1
2020-11-12 17:14:46.657 DEBUG [http-nio-9999-exec-7]xyz.fusheng.model.core.mapper.LogMapper.save.debug:143 -==>  Preparing: insert into sys_log( log_url, log_params, log_status, log_message, log_method, log_time, log_result, log_ip ) values ( ?, ?, ?, ?, ?, ?, ?, ? ) 
2020-11-12 17:14:46.657 DEBUG [http-nio-9999-exec-7]xyz.fusheng.model.core.mapper.LogMapper.save.debug:143 -==> Parameters: /login(String), ******(String), 1(Integer), null, GET(String), 2(Long), ******(String), 0:0:0:0:0:0:0:1(String)
2020-11-12 17:14:46.772 DEBUG [http-nio-9999-exec-7]xyz.fusheng.model.core.mapper.LogMapper.save.debug:143 -<==    Updates: 1
2020-11-12 17:15:19.226 DEBUG [http-nio-9999-exec-9]xyz.fusheng.model.core.mapper.LogMapper.save.debug:143 -==>  Preparing: insert into sys_log( log_url, log_params, log_status, log_message, log_method, log_time, log_result, log_ip ) values ( ?, ?, ?, ?, ?, ?, ?, ? ) 
2020-11-12 17:15:19.227 DEBUG [http-nio-9999-exec-9]xyz.fusheng.model.core.mapper.LogMapper.save.debug:143 -==> Parameters: /login(String), ******(String), 1(Integer), ******(String), GET(String), 2(Long), ******(String), 0:0:0:0:0:0:0:1(String)
2020-11-12 17:15:19.348 DEBUG [http-nio-9999-exec-9]xyz.fusheng.model.core.mapper.LogMapper.save.debug:143 -<==    Updates: 1
2020-11-12 17:15:19.439 DEBUG [http-nio-9999-exec-10]xyz.fusheng.model.core.mapper.LogMapper.save.debug:143 -==>  Preparing: insert into sys_log( log_url, log_params, log_status, log_message, log_method, log_time, log_result, log_ip ) values ( ?, ?, ?, ?, ?, ?, ?, ? ) 
2020-11-12 17:15:19.440 DEBUG [http-nio-9999-exec-10]xyz.fusheng.model.core.mapper.LogMapper.save.debug:143 -==> Parameters: /login(String), ******(String), 1(Integer), null, GET(String), 2(Long), ******(String), 0:0:0:0:0:0:0:1(String)
2020-11-12 17:15:19.567 DEBUG [http-nio-9999-exec-10]xyz.fusheng.model.core.mapper.LogMapper.save.debug:143 -<==    Updates: 1
2020-11-12 17:15:21.770 DEBUG [http-nio-9999-exec-4]xyz.fusheng.model.core.mapper.LogMapper.save.debug:143 -==>  Preparing: insert into sys_log( log_url, log_params, log_status, log_message, log_method, log_time, log_result, log_ip ) values ( ?, ?, ?, ?, ?, ?, ?, ? ) 
2020-11-12 17:15:21.771 DEBUG [http-nio-9999-exec-4]xyz.fusheng.model.core.mapper.LogMapper.save.debug:143 -==> Parameters: /login(String), ******(String), 1(Integer), null, GET(String), 1(Long), ******(String), 0:0:0:0:0:0:0:1(String)
2020-11-12 17:15:21.900 DEBUG [http-nio-9999-exec-4]xyz.fusheng.model.core.mapper.LogMapper.save.debug:143 -<==    Updates: 1
2020-11-12 17:15:21.990 DEBUG [http-nio-9999-exec-2]xyz.fusheng.model.core.mapper.LogMapper.save.debug:143 -==>  Preparing: insert into sys_log( log_url, log_params, log_status, log_message, log_method, log_time, log_result, log_ip ) values ( ?, ?, ?, ?, ?, ?, ?, ? ) 
2020-11-12 17:15:21.991 DEBUG [http-nio-9999-exec-2]xyz.fusheng.model.core.mapper.LogMapper.save.debug:143 -==> Parameters: /login(String), ******(String), 1(Integer), null, GET(String), 2(Long), ******(String), 0:0:0:0:0:0:0:1(String)
2020-11-12 17:15:22.121 DEBUG [http-nio-9999-exec-2]xyz.fusheng.model.core.mapper.LogMapper.save.debug:143 -<==    Updates: 1
2020-11-12 17:15:39.586 DEBUG [http-nio-9999-exec-7]xyz.fusheng.model.core.mapper.LogMapper.save.debug:143 -==>  Preparing: insert into sys_log( log_url, log_params, log_status, log_message, log_method, log_time, log_result, log_ip ) values ( ?, ?, ?, ?, ?, ?, ?, ? ) 
2020-11-12 17:15:39.586 DEBUG [http-nio-9999-exec-7]xyz.fusheng.model.core.mapper.LogMapper.save.debug:143 -==> Parameters: /login(String), ******(String), 1(Integer), null, GET(String), 2(Long), ******(String), 0:0:0:0:0:0:0:1(String)
2020-11-12 17:15:39.703 DEBUG [http-nio-9999-exec-7]xyz.fusheng.model.core.mapper.LogMapper.save.debug:143 -<==    Updates: 1
2020-11-12 17:15:39.791 DEBUG [http-nio-9999-exec-9]xyz.fusheng.model.core.mapper.LogMapper.save.debug:143 -==>  Preparing: insert into sys_log( log_url, log_params, log_status, log_message, log_method, log_time, log_result, log_ip ) values ( ?, ?, ?, ?, ?, ?, ?, ? ) 
2020-11-12 17:15:39.793 DEBUG [http-nio-9999-exec-9]xyz.fusheng.model.core.mapper.LogMapper.save.debug:143 -==> Parameters: /login(String), ******(String), 1(Integer), ******(String), GET(String), 4(Long), ******(String), 0:0:0:0:0:0:0:1(String)
2020-11-12 17:15:39.911 DEBUG [http-nio-9999-exec-9]xyz.fusheng.model.core.mapper.LogMapper.save.debug:143 -<==    Updates: 1
2020-11-12 17:15:42.958 DEBUG [http-nio-9999-exec-5]xyz.fusheng.model.core.mapper.LogMapper.save.debug:143 -==>  Preparing: insert into sys_log( log_url, log_params, log_status, log_message, log_method, log_time, log_result, log_ip ) values ( ?, ?, ?, ?, ?, ?, ?, ? ) 
2020-11-12 17:15:42.959 DEBUG [http-nio-9999-exec-5]xyz.fusheng.model.core.mapper.LogMapper.save.debug:143 -==> Parameters: /login(String), ******(String), 1(Integer), null, GET(String), 5(Long), ******(String), 0:0:0:0:0:0:0:1(String)
2020-11-12 17:15:43.086 DEBUG [http-nio-9999-exec-5]xyz.fusheng.model.core.mapper.LogMapper.save.debug:143 -<==    Updates: 1
2020-11-12 17:15:43.170 DEBUG [http-nio-9999-exec-6]xyz.fusheng.model.core.mapper.LogMapper.save.debug:143 -==>  Preparing: insert into sys_log( log_url, log_params, log_status, log_message, log_method, log_time, log_result, log_ip ) values ( ?, ?, ?, ?, ?, ?, ?, ? ) 
2020-11-12 17:15:43.171 DEBUG [http-nio-9999-exec-6]xyz.fusheng.model.core.mapper.LogMapper.save.debug:143 -==> Parameters: /login(String), ******(String), 1(Integer), null, GET(String), 2(Long), ******(String), 0:0:0:0:0:0:0:1(String)
2020-11-12 17:15:43.292 DEBUG [http-nio-9999-exec-6]xyz.fusheng.model.core.mapper.LogMapper.save.debug:143 -<==    Updates: 1
2020-11-12 17:15:46.770 DEBUG [http-nio-9999-exec-8]xyz.fusheng.model.core.mapper.LogMapper.save.debug:143 -==>  Preparing: insert into sys_log( log_url, log_params, log_status, log_message, log_method, log_time, log_result, log_ip ) values ( ?, ?, ?, ?, ?, ?, ?, ? ) 
2020-11-12 17:15:46.772 DEBUG [http-nio-9999-exec-8]xyz.fusheng.model.core.mapper.LogMapper.save.debug:143 -==> Parameters: /login(String), ******(String), 1(Integer), null, GET(String), 5(Long), ******(String), 0:0:0:0:0:0:0:1(String)
2020-11-12 17:15:46.901 DEBUG [http-nio-9999-exec-8]xyz.fusheng.model.core.mapper.LogMapper.save.debug:143 -<==    Updates: 1
2020-11-12 17:15:47.231 DEBUG [http-nio-9999-exec-3]xyz.fusheng.model.core.mapper.LogMapper.save.debug:143 -==>  Preparing: insert into sys_log( log_url, log_params, log_status, log_message, log_method, log_time, log_result, log_ip ) values ( ?, ?, ?, ?, ?, ?, ?, ? ) 
2020-11-12 17:15:47.232 DEBUG [http-nio-9999-exec-3]xyz.fusheng.model.core.mapper.LogMapper.save.debug:143 -==> Parameters: /login(String), ******(String), 1(Integer), null, GET(String), 4(Long), ******(String), 0:0:0:0:0:0:0:1(String)
2020-11-12 17:15:47.352 DEBUG [http-nio-9999-exec-3]xyz.fusheng.model.core.mapper.LogMapper.save.debug:143 -<==    Updates: 1
2020-11-12 17:15:47.398 DEBUG [http-nio-9999-exec-1]xyz.fusheng.model.core.mapper.LogMapper.save.debug:143 -==>  Preparing: insert into sys_log( log_url, log_params, log_status, log_message, log_method, log_time, log_result, log_ip ) values ( ?, ?, ?, ?, ?, ?, ?, ? ) 
2020-11-12 17:15:47.399 DEBUG [http-nio-9999-exec-1]xyz.fusheng.model.core.mapper.LogMapper.save.debug:143 -==> Parameters: /login(String), ******(String), 1(Integer), null, GET(String), 2(Long), ******(String), 0:0:0:0:0:0:0:1(String)
2020-11-12 17:15:47.528 DEBUG [http-nio-9999-exec-1]xyz.fusheng.model.core.mapper.LogMapper.save.debug:143 -<==    Updates: 1
2020-11-12 17:15:47.616 DEBUG [http-nio-9999-exec-5]xyz.fusheng.model.core.mapper.LogMapper.save.debug:143 -==>  Preparing: insert into sys_log( log_url, log_params, log_status, log_message, log_method, log_time, log_result, log_ip ) values ( ?, ?, ?, ?, ?, ?, ?, ? ) 
2020-11-12 17:15:47.617 DEBUG [http-nio-9999-exec-5]xyz.fusheng.model.core.mapper.LogMapper.save.debug:143 -==> Parameters: /login(String), ******(String), 1(Integer), null, GET(String), 2(Long), ******(String), 0:0:0:0:0:0:0:1(String)
2020-11-12 17:15:47.741 DEBUG [http-nio-9999-exec-5]xyz.fusheng.model.core.mapper.LogMapper.save.debug:143 -<==    Updates: 1
2020-11-12 17:16:20.985 DEBUG [http-nio-9999-exec-6]xyz.fusheng.model.core.mapper.LogMapper.save.debug:143 -==>  Preparing: insert into sys_log( log_url, log_params, log_status, log_message, log_method, log_time, log_result, log_ip ) values ( ?, ?, ?, ?, ?, ?, ?, ? ) 
2020-11-12 17:16:20.986 DEBUG [http-nio-9999-exec-6]xyz.fusheng.model.core.mapper.LogMapper.save.debug:143 -==> Parameters: /login(String), ******(String), 1(Integer), null, GET(String), 3(Long), ******(String), 0:0:0:0:0:0:0:1(String)
2020-11-12 17:16:21.113 DEBUG [http-nio-9999-exec-6]xyz.fusheng.model.core.mapper.LogMapper.save.debug:143 -<==    Updates: 1
2020-11-12 17:16:21.212 DEBUG [http-nio-9999-exec-8]xyz.fusheng.model.core.mapper.LogMapper.save.debug:143 -==>  Preparing: insert into sys_log( log_url, log_params, log_status, log_message, log_method, log_time, log_result, log_ip ) values ( ?, ?, ?, ?, ?, ?, ?, ? ) 
2020-11-12 17:16:21.212 DEBUG [http-nio-9999-exec-8]xyz.fusheng.model.core.mapper.LogMapper.save.debug:143 -==> Parameters: /login(String), ******(String), 1(Integer), null, GET(String), 1(Long), ******(String), 0:0:0:0:0:0:0:1(String)
2020-11-12 17:16:21.330 DEBUG [http-nio-9999-exec-8]xyz.fusheng.model.core.mapper.LogMapper.save.debug:143 -<==    Updates: 1
2020-11-12 17:16:51.965 DEBUG [http-nio-9999-exec-3]xyz.fusheng.model.core.mapper.LogMapper.save.debug:143 -==>  Preparing: insert into sys_log( log_url, log_params, log_status, log_message, log_method, log_time, log_result, log_ip ) values ( ?, ?, ?, ?, ?, ?, ?, ? ) 
2020-11-12 17:16:51.965 DEBUG [http-nio-9999-exec-3]xyz.fusheng.model.core.mapper.LogMapper.save.debug:143 -==> Parameters: /login(String), ******(String), 1(Integer), null, GET(String), 2(Long), ******(String), 0:0:0:0:0:0:0:1(String)
2020-11-12 17:16:52.087 DEBUG [http-nio-9999-exec-3]xyz.fusheng.model.core.mapper.LogMapper.save.debug:143 -<==    Updates: 1
2020-11-12 17:16:52.189 DEBUG [http-nio-9999-exec-4]xyz.fusheng.model.core.mapper.LogMapper.save.debug:143 -==>  Preparing: insert into sys_log( log_url, log_params, log_status, log_message, log_method, log_time, log_result, log_ip ) values ( ?, ?, ?, ?, ?, ?, ?, ? ) 
2020-11-12 17:16:52.190 DEBUG [http-nio-9999-exec-4]xyz.fusheng.model.core.mapper.LogMapper.save.debug:143 -==> Parameters: /login(String), ******(String), 1(Integer), null, GET(String), 1(Long), ******(String), 0:0:0:0:0:0:0:1(String)
2020-11-12 17:16:52.307 DEBUG [http-nio-9999-exec-4]xyz.fusheng.model.core.mapper.LogMapper.save.debug:143 -<==    Updates: 1
2020-11-12 17:16:56.551 DEBUG [http-nio-9999-exec-2]xyz.fusheng.model.core.mapper.LogMapper.save.debug:143 -==>  Preparing: insert into sys_log( log_url, log_params, log_status, log_message, log_method, log_time, log_result, log_ip ) values ( ?, ?, ?, ?, ?, ?, ?, ? ) 
2020-11-12 17:16:56.551 DEBUG [http-nio-9999-exec-2]xyz.fusheng.model.core.mapper.LogMapper.save.debug:143 -==> Parameters: /login(String), ******(String), 1(Integer), null, GET(String), 4(Long), ******(String), 0:0:0:0:0:0:0:1(String)
2020-11-12 17:16:56.683 DEBUG [http-nio-9999-exec-2]xyz.fusheng.model.core.mapper.LogMapper.save.debug:143 -<==    Updates: 1
2020-11-12 17:16:56.786 DEBUG [http-nio-9999-exec-7]xyz.fusheng.model.core.mapper.LogMapper.save.debug:143 -==>  Preparing: insert into sys_log( log_url, log_params, log_status, log_message, log_method, log_time, log_result, log_ip ) values ( ?, ?, ?, ?, ?, ?, ?, ? ) 
2020-11-12 17:16:56.786 DEBUG [http-nio-9999-exec-7]xyz.fusheng.model.core.mapper.LogMapper.save.debug:143 -==> Parameters: /login(String), ******(String), 1(Integer), null, GET(String), 2(Long), ******(String), 0:0:0:0:0:0:0:1(String)
2020-11-12 17:16:56.906 DEBUG [http-nio-9999-exec-7]xyz.fusheng.model.core.mapper.LogMapper.save.debug:143 -<==    Updates: 1
2020-11-12 17:16:58.574 DEBUG [http-nio-9999-exec-9]xyz.fusheng.model.core.mapper.LogMapper.save.debug:143 -==>  Preparing: insert into sys_log( log_url, log_params, log_status, log_message, log_method, log_time, log_result, log_ip ) values ( ?, ?, ?, ?, ?, ?, ?, ? ) 
2020-11-12 17:16:58.575 DEBUG [http-nio-9999-exec-9]xyz.fusheng.model.core.mapper.LogMapper.save.debug:143 -==> Parameters: /login(String), ******(String), 1(Integer), ******(String), GET(String), 2(Long), ******(String), 0:0:0:0:0:0:0:1(String)
2020-11-12 17:16:58.693 DEBUG [http-nio-9999-exec-9]xyz.fusheng.model.core.mapper.LogMapper.save.debug:143 -<==    Updates: 1
2020-11-12 17:16:58.789 DEBUG [http-nio-9999-exec-3]xyz.fusheng.model.core.mapper.LogMapper.save.debug:143 -==>  Preparing: insert into sys_log( log_url, log_params, log_status, log_message, log_method, log_time, log_result, log_ip ) values ( ?, ?, ?, ?, ?, ?, ?, ? ) 
2020-11-12 17:16:58.790 DEBUG [http-nio-9999-exec-3]xyz.fusheng.model.core.mapper.LogMapper.save.debug:143 -==> Parameters: /login(String), ******(String), 1(Integer), null, GET(String), 3(Long), ******(String), 0:0:0:0:0:0:0:1(String)
2020-11-12 17:16:58.911 DEBUG [http-nio-9999-exec-3]xyz.fusheng.model.core.mapper.LogMapper.save.debug:143 -<==    Updates: 1
2020-11-12 17:17:02.103 DEBUG [http-nio-9999-exec-4]xyz.fusheng.model.core.mapper.LogMapper.save.debug:143 -==>  Preparing: insert into sys_log( log_url, log_params, log_status, log_message, log_method, log_time, log_result, log_ip ) values ( ?, ?, ?, ?, ?, ?, ?, ? ) 
2020-11-12 17:17:02.104 DEBUG [http-nio-9999-exec-4]xyz.fusheng.model.core.mapper.LogMapper.save.debug:143 -==> Parameters: /login(String), ******(String), 1(Integer), null, GET(String), 2(Long), ******(String), 0:0:0:0:0:0:0:1(String)
2020-11-12 17:17:02.240 DEBUG [http-nio-9999-exec-4]xyz.fusheng.model.core.mapper.LogMapper.save.debug:143 -<==    Updates: 1
2020-11-12 17:17:02.323 DEBUG [http-nio-9999-exec-2]xyz.fusheng.model.core.mapper.LogMapper.save.debug:143 -==>  Preparing: insert into sys_log( log_url, log_params, log_status, log_message, log_method, log_time, log_result, log_ip ) values ( ?, ?, ?, ?, ?, ?, ?, ? ) 
2020-11-12 17:17:02.324 DEBUG [http-nio-9999-exec-2]xyz.fusheng.model.core.mapper.LogMapper.save.debug:143 -==> Parameters: /login(String), ******(String), 1(Integer), null, GET(String), 2(Long), ******(String), 0:0:0:0:0:0:0:1(String)
2020-11-12 17:17:02.448 DEBUG [http-nio-9999-exec-2]xyz.fusheng.model.core.mapper.LogMapper.save.debug:143 -<==    Updates: 1
2020-11-12 17:17:05.374 DEBUG [http-nio-9999-exec-7]xyz.fusheng.model.core.mapper.LogMapper.save.debug:143 -==>  Preparing: insert into sys_log( log_url, log_params, log_status, log_message, log_method, log_time, log_result, log_ip ) values ( ?, ?, ?, ?, ?, ?, ?, ? ) 
2020-11-12 17:17:05.375 DEBUG [http-nio-9999-exec-7]xyz.fusheng.model.core.mapper.LogMapper.save.debug:143 -==> Parameters: /login(String), ******(String), 1(Integer), null, GET(String), 2(Long), ******(String), 0:0:0:0:0:0:0:1(String)
2020-11-12 17:17:05.710 DEBUG [http-nio-9999-exec-7]xyz.fusheng.model.core.mapper.LogMapper.save.debug:143 -<==    Updates: 1
2020-11-12 17:17:05.813 DEBUG [http-nio-9999-exec-9]xyz.fusheng.model.core.mapper.LogMapper.save.debug:143 -==>  Preparing: insert into sys_log( log_url, log_params, log_status, log_message, log_method, log_time, log_result, log_ip ) values ( ?, ?, ?, ?, ?, ?, ?, ? ) 
2020-11-12 17:17:05.815 DEBUG [http-nio-9999-exec-9]xyz.fusheng.model.core.mapper.LogMapper.save.debug:143 -==> Parameters: /login(String), ******(String), 1(Integer), ******(String), GET(String), 3(Long), ******(String), 0:0:0:0:0:0:0:1(String)
2020-11-12 17:17:05.941 DEBUG [http-nio-9999-exec-9]xyz.fusheng.model.core.mapper.LogMapper.save.debug:143 -<==    Updates: 1
2020-11-12 17:17:07.365 DEBUG [http-nio-9999-exec-3]xyz.fusheng.model.core.mapper.LogMapper.save.debug:143 -==>  Preparing: insert into sys_log( log_url, log_params, log_status, log_message, log_method, log_time, log_result, log_ip ) values ( ?, ?, ?, ?, ?, ?, ?, ? ) 
2020-11-12 17:17:07.366 DEBUG [http-nio-9999-exec-3]xyz.fusheng.model.core.mapper.LogMapper.save.debug:143 -==> Parameters: /login(String), ******(String), 1(Integer), null, GET(String), 2(Long), ******(String), 0:0:0:0:0:0:0:1(String)
2020-11-12 17:17:07.488 DEBUG [http-nio-9999-exec-3]xyz.fusheng.model.core.mapper.LogMapper.save.debug:143 -<==    Updates: 1
2020-11-12 17:17:07.585 DEBUG [http-nio-9999-exec-4]xyz.fusheng.model.core.mapper.LogMapper.save.debug:143 -==>  Preparing: insert into sys_log( log_url, log_params, log_status, log_message, log_method, log_time, log_result, log_ip ) values ( ?, ?, ?, ?, ?, ?, ?, ? ) 
2020-11-12 17:17:07.586 DEBUG [http-nio-9999-exec-4]xyz.fusheng.model.core.mapper.LogMapper.save.debug:143 -==> Parameters: /login(String), ******(String), 1(Integer), null, GET(String), 2(Long), ******(String), 0:0:0:0:0:0:0:1(String)
2020-11-12 17:17:07.706 DEBUG [http-nio-9999-exec-4]xyz.fusheng.model.core.mapper.LogMapper.save.debug:143 -<==    Updates: 1
2020-11-12 17:17:08.356 DEBUG [http-nio-9999-exec-2]xyz.fusheng.model.core.mapper.LogMapper.save.debug:143 -==>  Preparing: insert into sys_log( log_url, log_params, log_status, log_message, log_method, log_time, log_result, log_ip ) values ( ?, ?, ?, ?, ?, ?, ?, ? ) 
2020-11-12 17:17:08.357 DEBUG [http-nio-9999-exec-2]xyz.fusheng.model.core.mapper.LogMapper.save.debug:143 -==> Parameters: /login(String), ******(String), 1(Integer), null, GET(String), 5(Long), ******(String), 0:0:0:0:0:0:0:1(String)
2020-11-12 17:17:08.490 DEBUG [http-nio-9999-exec-2]xyz.fusheng.model.core.mapper.LogMapper.save.debug:143 -<==    Updates: 1
2020-11-12 17:17:08.594 DEBUG [http-nio-9999-exec-7]xyz.fusheng.model.core.mapper.LogMapper.save.debug:143 -==>  Preparing: insert into sys_log( log_url, log_params, log_status, log_message, log_method, log_time, log_result, log_ip ) values ( ?, ?, ?, ?, ?, ?, ?, ? ) 
2020-11-12 17:17:08.595 DEBUG [http-nio-9999-exec-7]xyz.fusheng.model.core.mapper.LogMapper.save.debug:143 -==> Parameters: /login(String), ******(String), 1(Integer), null, GET(String), 2(Long), ******(String), 0:0:0:0:0:0:0:1(String)
2020-11-12 17:17:08.721 DEBUG [http-nio-9999-exec-7]xyz.fusheng.model.core.mapper.LogMapper.save.debug:143 -<==    Updates: 1
2020-11-12 17:17:09.663 DEBUG [http-nio-9999-exec-9]xyz.fusheng.model.core.mapper.LogMapper.save.debug:143 -==>  Preparing: insert into sys_log( log_url, log_params, log_status, log_message, log_method, log_time, log_result, log_ip ) values ( ?, ?, ?, ?, ?, ?, ?, ? ) 
2020-11-12 17:17:09.664 DEBUG [http-nio-9999-exec-9]xyz.fusheng.model.core.mapper.LogMapper.save.debug:143 -==> Parameters: /login(String), ******(String), 1(Integer), ******(String), GET(String), 1(Long), ******(String), 0:0:0:0:0:0:0:1(String)
2020-11-12 17:17:09.781 DEBUG [http-nio-9999-exec-9]xyz.fusheng.model.core.mapper.LogMapper.save.debug:143 -<==    Updates: 1
2020-11-12 17:17:09.951 DEBUG [http-nio-9999-exec-3]xyz.fusheng.model.core.mapper.LogMapper.save.debug:143 -==>  Preparing: insert into sys_log( log_url, log_params, log_status, log_message, log_method, log_time, log_result, log_ip ) values ( ?, ?, ?, ?, ?, ?, ?, ? ) 
2020-11-12 17:17:09.952 DEBUG [http-nio-9999-exec-3]xyz.fusheng.model.core.mapper.LogMapper.save.debug:143 -==> Parameters: /login(String), ******(String), 1(Integer), null, GET(String), 3(Long), ******(String), 0:0:0:0:0:0:0:1(String)
2020-11-12 17:17:10.079 DEBUG [http-nio-9999-exec-3]xyz.fusheng.model.core.mapper.LogMapper.save.debug:143 -<==    Updates: 1
